{"/Users/aidanhibbard/Documents/GitHub/olallie/spec/mock_stores/actions_store.ts": {"path":"/Users/aidanhibbard/Documents/GitHub/olallie/spec/mock_stores/actions_store.ts","all":false,"statementMap":{"0":{"start":{"line":1,"column":0},"end":{"line":1,"column":40}},"1":{"start":{"line":2,"column":0},"end":{"line":2,"column":0}},"2":{"start":{"line":3,"column":0},"end":{"line":3,"column":17}},"3":{"start":{"line":4,"column":0},"end":{"line":4,"column":31}},"4":{"start":{"line":5,"column":0},"end":{"line":5,"column":1}},"5":{"start":{"line":6,"column":0},"end":{"line":6,"column":0}},"6":{"start":{"line":7,"column":0},"end":{"line":7,"column":35}},"7":{"start":{"line":8,"column":0},"end":{"line":8,"column":24}},"8":{"start":{"line":9,"column":0},"end":{"line":9,"column":24}},"9":{"start":{"line":10,"column":0},"end":{"line":10,"column":5}},"10":{"start":{"line":11,"column":0},"end":{"line":11,"column":12}},"11":{"start":{"line":12,"column":0},"end":{"line":12,"column":62}},"12":{"start":{"line":13,"column":0},"end":{"line":13,"column":38}},"13":{"start":{"line":14,"column":0},"end":{"line":14,"column":26}},"14":{"start":{"line":15,"column":0},"end":{"line":15,"column":33}},"15":{"start":{"line":16,"column":0},"end":{"line":16,"column":24}},"16":{"start":{"line":17,"column":0},"end":{"line":17,"column":17}},"17":{"start":{"line":18,"column":0},"end":{"line":18,"column":9}},"18":{"start":{"line":19,"column":0},"end":{"line":19,"column":6}},"19":{"start":{"line":20,"column":0},"end":{"line":20,"column":26}},"20":{"start":{"line":21,"column":0},"end":{"line":21,"column":33}},"21":{"start":{"line":22,"column":0},"end":{"line":22,"column":6}},"22":{"start":{"line":23,"column":0},"end":{"line":23,"column":4}},"23":{"start":{"line":24,"column":0},"end":{"line":24,"column":3}},"24":{"start":{"line":25,"column":0},"end":{"line":25,"column":0}},"25":{"start":{"line":26,"column":0},"end":{"line":26,"column":29}}},"s":{"0":1,"1":1,"2":1,"3":1,"4":1,"5":1,"6":1,"7":1,"8":1,"9":1,"10":1,"11":1,"12":1,"13":1,"14":1,"15":1,"16":1,"17":1,"18":1,"19":1,"20":1,"21":1,"22":1,"23":1,"24":1,"25":1},"branchMap":{"0":{"type":"branch","line":8,"loc":{"start":{"line":8,"column":9},"end":{"line":10,"column":5}},"locations":[{"start":{"line":8,"column":9},"end":{"line":10,"column":5}}]},"1":{"type":"branch","line":12,"loc":{"start":{"line":12,"column":4},"end":{"line":19,"column":6}},"locations":[{"start":{"line":12,"column":4},"end":{"line":19,"column":6}}]},"2":{"type":"branch","line":13,"loc":{"start":{"line":13,"column":24},"end":{"line":18,"column":7}},"locations":[{"start":{"line":13,"column":24},"end":{"line":18,"column":7}}]},"3":{"type":"branch","line":14,"loc":{"start":{"line":14,"column":19},"end":{"line":17,"column":11}},"locations":[{"start":{"line":14,"column":19},"end":{"line":17,"column":11}}]},"4":{"type":"branch","line":20,"loc":{"start":{"line":20,"column":4},"end":{"line":22,"column":6}},"locations":[{"start":{"line":20,"column":4},"end":{"line":22,"column":6}}]}},"b":{"0":[1],"1":[1],"2":[1],"3":[1],"4":[1]},"fnMap":{"0":{"name":"state","decl":{"start":{"line":8,"column":9},"end":{"line":10,"column":5}},"loc":{"start":{"line":8,"column":9},"end":{"line":10,"column":5}},"line":8},"1":{"name":"fetchResponse","decl":{"start":{"line":12,"column":4},"end":{"line":19,"column":6}},"loc":{"start":{"line":12,"column":4},"end":{"line":19,"column":6}},"line":12},"2":{"name":"resetResponse","decl":{"start":{"line":20,"column":4},"end":{"line":22,"column":6}},"loc":{"start":{"line":20,"column":4},"end":{"line":22,"column":6}},"line":20}},"f":{"0":1,"1":1,"2":1}}
,"/Users/aidanhibbard/Documents/GitHub/olallie/spec/mock_stores/getters_store.ts": {"path":"/Users/aidanhibbard/Documents/GitHub/olallie/spec/mock_stores/getters_store.ts","all":false,"statementMap":{"0":{"start":{"line":1,"column":0},"end":{"line":1,"column":40}},"1":{"start":{"line":2,"column":0},"end":{"line":2,"column":0}},"2":{"start":{"line":3,"column":0},"end":{"line":3,"column":17}},"3":{"start":{"line":4,"column":0},"end":{"line":4,"column":16}},"4":{"start":{"line":5,"column":0},"end":{"line":5,"column":1}},"5":{"start":{"line":6,"column":0},"end":{"line":6,"column":0}},"6":{"start":{"line":7,"column":0},"end":{"line":7,"column":35}},"7":{"start":{"line":8,"column":0},"end":{"line":8,"column":24}},"8":{"start":{"line":9,"column":0},"end":{"line":9,"column":13}},"9":{"start":{"line":10,"column":0},"end":{"line":10,"column":5}},"10":{"start":{"line":11,"column":0},"end":{"line":11,"column":12}},"11":{"start":{"line":12,"column":0},"end":{"line":12,"column":40}},"12":{"start":{"line":13,"column":0},"end":{"line":13,"column":4}},"13":{"start":{"line":14,"column":0},"end":{"line":14,"column":3}},"14":{"start":{"line":15,"column":0},"end":{"line":15,"column":0}},"15":{"start":{"line":16,"column":0},"end":{"line":16,"column":29}}},"s":{"0":1,"1":1,"2":1,"3":1,"4":1,"5":1,"6":1,"7":1,"8":1,"9":1,"10":1,"11":1,"12":1,"13":1,"14":1,"15":1},"branchMap":{"0":{"type":"branch","line":8,"loc":{"start":{"line":8,"column":9},"end":{"line":10,"column":5}},"locations":[{"start":{"line":8,"column":9},"end":{"line":10,"column":5}}]},"1":{"type":"branch","line":12,"loc":{"start":{"line":12,"column":13},"end":{"line":12,"column":40}},"locations":[{"start":{"line":12,"column":13},"end":{"line":12,"column":40}}]}},"b":{"0":[1],"1":[1]},"fnMap":{"0":{"name":"state","decl":{"start":{"line":8,"column":9},"end":{"line":10,"column":5}},"loc":{"start":{"line":8,"column":9},"end":{"line":10,"column":5}},"line":8},"1":{"name":"tripled","decl":{"start":{"line":12,"column":13},"end":{"line":12,"column":40}},"loc":{"start":{"line":12,"column":13},"end":{"line":12,"column":40}},"line":12}},"f":{"0":1,"1":1}}
,"/Users/aidanhibbard/Documents/GitHub/olallie/spec/mock_stores/listeners_store.ts": {"path":"/Users/aidanhibbard/Documents/GitHub/olallie/spec/mock_stores/listeners_store.ts","all":false,"statementMap":{"0":{"start":{"line":1,"column":0},"end":{"line":1,"column":40}},"1":{"start":{"line":2,"column":0},"end":{"line":2,"column":0}},"2":{"start":{"line":3,"column":0},"end":{"line":3,"column":17}},"3":{"start":{"line":4,"column":0},"end":{"line":4,"column":22}},"4":{"start":{"line":5,"column":0},"end":{"line":5,"column":16}},"5":{"start":{"line":6,"column":0},"end":{"line":6,"column":29}},"6":{"start":{"line":7,"column":0},"end":{"line":7,"column":1}},"7":{"start":{"line":8,"column":0},"end":{"line":8,"column":0}},"8":{"start":{"line":9,"column":0},"end":{"line":9,"column":37}},"9":{"start":{"line":10,"column":0},"end":{"line":10,"column":24}},"10":{"start":{"line":11,"column":0},"end":{"line":11,"column":19}},"11":{"start":{"line":12,"column":0},"end":{"line":12,"column":26}},"12":{"start":{"line":13,"column":0},"end":{"line":13,"column":13}},"13":{"start":{"line":14,"column":0},"end":{"line":14,"column":5}},"14":{"start":{"line":15,"column":0},"end":{"line":15,"column":3}},"15":{"start":{"line":16,"column":0},"end":{"line":16,"column":0}},"16":{"start":{"line":17,"column":0},"end":{"line":17,"column":31}}},"s":{"0":1,"1":1,"2":1,"3":1,"4":1,"5":1,"6":1,"7":1,"8":1,"9":1,"10":1,"11":1,"12":1,"13":1,"14":1,"15":1,"16":1},"branchMap":{"0":{"type":"branch","line":10,"loc":{"start":{"line":10,"column":9},"end":{"line":14,"column":5}},"locations":[{"start":{"line":10,"column":9},"end":{"line":14,"column":5}}]}},"b":{"0":[1]},"fnMap":{"0":{"name":"state","decl":{"start":{"line":10,"column":9},"end":{"line":14,"column":5}},"loc":{"start":{"line":10,"column":9},"end":{"line":14,"column":5}},"line":10}},"f":{"0":1}}
,"/Users/aidanhibbard/Documents/GitHub/olallie/spec/mock_stores/state_store.ts": {"path":"/Users/aidanhibbard/Documents/GitHub/olallie/spec/mock_stores/state_store.ts","all":false,"statementMap":{"0":{"start":{"line":1,"column":0},"end":{"line":1,"column":40}},"1":{"start":{"line":2,"column":0},"end":{"line":2,"column":0}},"2":{"start":{"line":3,"column":0},"end":{"line":3,"column":17}},"3":{"start":{"line":4,"column":0},"end":{"line":4,"column":16}},"4":{"start":{"line":5,"column":0},"end":{"line":5,"column":1}},"5":{"start":{"line":6,"column":0},"end":{"line":6,"column":0}},"6":{"start":{"line":7,"column":0},"end":{"line":7,"column":33}},"7":{"start":{"line":8,"column":0},"end":{"line":8,"column":24}},"8":{"start":{"line":9,"column":0},"end":{"line":9,"column":13}},"9":{"start":{"line":10,"column":0},"end":{"line":10,"column":5}},"10":{"start":{"line":11,"column":0},"end":{"line":11,"column":3}},"11":{"start":{"line":12,"column":0},"end":{"line":12,"column":0}},"12":{"start":{"line":13,"column":0},"end":{"line":13,"column":27}}},"s":{"0":1,"1":1,"2":1,"3":1,"4":1,"5":1,"6":1,"7":1,"8":1,"9":1,"10":1,"11":1,"12":1},"branchMap":{"0":{"type":"branch","line":8,"loc":{"start":{"line":8,"column":9},"end":{"line":10,"column":5}},"locations":[{"start":{"line":8,"column":9},"end":{"line":10,"column":5}}]}},"b":{"0":[1]},"fnMap":{"0":{"name":"state","decl":{"start":{"line":8,"column":9},"end":{"line":10,"column":5}},"loc":{"start":{"line":8,"column":9},"end":{"line":10,"column":5}},"line":8}},"f":{"0":1}}
,"/Users/aidanhibbard/Documents/GitHub/olallie/src/index.ts": {"path":"/Users/aidanhibbard/Documents/GitHub/olallie/src/index.ts","all":false,"statementMap":{"0":{"start":{"line":1,"column":0},"end":{"line":1,"column":51}},"1":{"start":{"line":2,"column":0},"end":{"line":2,"column":67}},"2":{"start":{"line":3,"column":0},"end":{"line":3,"column":0}},"3":{"start":{"line":4,"column":0},"end":{"line":4,"column":28}},"4":{"start":{"line":5,"column":0},"end":{"line":5,"column":32}},"5":{"start":{"line":6,"column":0},"end":{"line":6,"column":56}},"6":{"start":{"line":7,"column":0},"end":{"line":7,"column":4}},"7":{"start":{"line":8,"column":0},"end":{"line":8,"column":51}},"8":{"start":{"line":9,"column":0},"end":{"line":9,"column":67}},"9":{"start":{"line":10,"column":0},"end":{"line":10,"column":44}},"10":{"start":{"line":11,"column":0},"end":{"line":11,"column":5}},"11":{"start":{"line":12,"column":0},"end":{"line":12,"column":0}},"12":{"start":{"line":13,"column":0},"end":{"line":13,"column":68}},"13":{"start":{"line":14,"column":0},"end":{"line":14,"column":0}},"14":{"start":{"line":15,"column":0},"end":{"line":15,"column":38}},"15":{"start":{"line":16,"column":0},"end":{"line":16,"column":59}},"16":{"start":{"line":17,"column":0},"end":{"line":17,"column":42}},"17":{"start":{"line":18,"column":0},"end":{"line":18,"column":70}},"18":{"start":{"line":19,"column":0},"end":{"line":19,"column":22}},"19":{"start":{"line":20,"column":0},"end":{"line":20,"column":12}},"20":{"start":{"line":21,"column":0},"end":{"line":21,"column":51}},"21":{"start":{"line":22,"column":0},"end":{"line":22,"column":22}},"22":{"start":{"line":23,"column":0},"end":{"line":23,"column":8}},"23":{"start":{"line":24,"column":0},"end":{"line":24,"column":5}},"24":{"start":{"line":25,"column":0},"end":{"line":25,"column":3}},"25":{"start":{"line":26,"column":0},"end":{"line":26,"column":0}},"26":{"start":{"line":27,"column":0},"end":{"line":27,"column":38}},"27":{"start":{"line":28,"column":0},"end":{"line":28,"column":59}},"28":{"start":{"line":29,"column":0},"end":{"line":29,"column":42}},"29":{"start":{"line":30,"column":0},"end":{"line":30,"column":46}},"30":{"start":{"line":31,"column":0},"end":{"line":31,"column":38}},"31":{"start":{"line":32,"column":0},"end":{"line":32,"column":25}},"32":{"start":{"line":33,"column":0},"end":{"line":33,"column":9}},"33":{"start":{"line":34,"column":0},"end":{"line":34,"column":5}},"34":{"start":{"line":35,"column":0},"end":{"line":35,"column":3}},"35":{"start":{"line":36,"column":0},"end":{"line":36,"column":0}},"36":{"start":{"line":37,"column":0},"end":{"line":37,"column":71}},"37":{"start":{"line":38,"column":0},"end":{"line":38,"column":11}},"38":{"start":{"line":39,"column":0},"end":{"line":39,"column":36}},"39":{"start":{"line":40,"column":0},"end":{"line":40,"column":5}},"40":{"start":{"line":41,"column":0},"end":{"line":41,"column":36}},"41":{"start":{"line":42,"column":0},"end":{"line":42,"column":36}},"42":{"start":{"line":43,"column":0},"end":{"line":43,"column":5}},"43":{"start":{"line":44,"column":0},"end":{"line":44,"column":44}},"44":{"start":{"line":45,"column":0},"end":{"line":45,"column":4}},"45":{"start":{"line":46,"column":0},"end":{"line":46,"column":0}},"46":{"start":{"line":47,"column":0},"end":{"line":47,"column":73}},"47":{"start":{"line":48,"column":0},"end":{"line":48,"column":11}},"48":{"start":{"line":49,"column":0},"end":{"line":49,"column":5}},"49":{"start":{"line":50,"column":0},"end":{"line":50,"column":36}},"50":{"start":{"line":51,"column":0},"end":{"line":51,"column":4}},"51":{"start":{"line":52,"column":0},"end":{"line":52,"column":0}},"52":{"start":{"line":53,"column":0},"end":{"line":53,"column":69}},"53":{"start":{"line":54,"column":0},"end":{"line":54,"column":50}},"54":{"start":{"line":55,"column":0},"end":{"line":55,"column":23}},"55":{"start":{"line":56,"column":0},"end":{"line":56,"column":44}},"56":{"start":{"line":57,"column":0},"end":{"line":57,"column":24}},"57":{"start":{"line":58,"column":0},"end":{"line":58,"column":7}},"58":{"start":{"line":59,"column":0},"end":{"line":59,"column":5}},"59":{"start":{"line":60,"column":0},"end":{"line":60,"column":3}},"60":{"start":{"line":61,"column":0},"end":{"line":61,"column":0}},"61":{"start":{"line":62,"column":0},"end":{"line":62,"column":38}},"62":{"start":{"line":63,"column":0},"end":{"line":63,"column":1}}},"s":{"0":1,"1":1,"2":1,"3":1,"4":5,"5":5,"6":5,"7":5,"8":5,"9":20,"10":5,"11":5,"12":5,"13":5,"14":5,"15":3,"16":3,"17":3,"18":3,"19":3,"20":3,"21":3,"22":3,"23":3,"24":3,"25":2,"26":2,"27":2,"28":2,"29":2,"30":2,"31":2,"32":2,"33":2,"34":2,"35":2,"36":2,"37":1,"38":1,"39":1,"40":1,"41":1,"42":1,"43":1,"44":1,"45":2,"46":2,"47":1,"48":1,"49":1,"50":1,"51":2,"52":2,"53":20,"54":20,"55":1,"56":1,"57":1,"58":1,"59":20,"60":2,"61":2,"62":2},"branchMap":{"0":{"type":"branch","line":4,"loc":{"start":{"line":4,"column":7},"end":{"line":63,"column":1}},"locations":[{"start":{"line":4,"column":7},"end":{"line":63,"column":1}}]},"1":{"type":"branch","line":15,"loc":{"start":{"line":15,"column":37},"end":{"line":63,"column":1}},"locations":[{"start":{"line":15,"column":37},"end":{"line":63,"column":1}}]},"2":{"type":"branch","line":15,"loc":{"start":{"line":15,"column":37},"end":{"line":25,"column":3}},"locations":[{"start":{"line":15,"column":37},"end":{"line":25,"column":3}}]},"3":{"type":"branch","line":9,"loc":{"start":{"line":9,"column":50},"end":{"line":11,"column":3}},"locations":[{"start":{"line":9,"column":50},"end":{"line":11,"column":3}}]},"4":{"type":"branch","line":18,"loc":{"start":{"line":18,"column":69},"end":{"line":23,"column":8}},"locations":[{"start":{"line":18,"column":69},"end":{"line":23,"column":8}}]},"5":{"type":"branch","line":31,"loc":{"start":{"line":31,"column":13},"end":{"line":31,"column":38}},"locations":[{"start":{"line":31,"column":13},"end":{"line":31,"column":38}}]},"6":{"type":"branch","line":37,"loc":{"start":{"line":37,"column":42},"end":{"line":45,"column":4}},"locations":[{"start":{"line":37,"column":42},"end":{"line":45,"column":4}}]},"7":{"type":"branch","line":47,"loc":{"start":{"line":47,"column":44},"end":{"line":51,"column":4}},"locations":[{"start":{"line":47,"column":44},"end":{"line":51,"column":4}}]},"8":{"type":"branch","line":53,"loc":{"start":{"line":53,"column":2},"end":{"line":60,"column":3}},"locations":[{"start":{"line":53,"column":2},"end":{"line":60,"column":3}}]},"9":{"type":"branch","line":55,"loc":{"start":{"line":55,"column":22},"end":{"line":59,"column":5}},"locations":[{"start":{"line":55,"column":22},"end":{"line":59,"column":5}}]}},"b":{"0":[5],"1":[2],"2":[3],"3":[20],"4":[3],"5":[2],"6":[1],"7":[1],"8":[20],"9":[1]},"fnMap":{"0":{"name":"createStore","decl":{"start":{"line":4,"column":7},"end":{"line":63,"column":1}},"loc":{"start":{"line":4,"column":7},"end":{"line":63,"column":1}},"line":4},"1":{"name":"stateProxy.<computed>","decl":{"start":{"line":18,"column":69},"end":{"line":23,"column":8}},"loc":{"start":{"line":18,"column":69},"end":{"line":23,"column":8}},"line":18},"2":{"name":"get","decl":{"start":{"line":31,"column":13},"end":{"line":31,"column":38}},"loc":{"start":{"line":31,"column":13},"end":{"line":31,"column":38}},"line":31},"3":{"name":"stateProxy.listen","decl":{"start":{"line":37,"column":42},"end":{"line":45,"column":4}},"loc":{"start":{"line":37,"column":42},"end":{"line":45,"column":4}},"line":37},"4":{"name":"stateProxy.unlisten","decl":{"start":{"line":47,"column":44},"end":{"line":51,"column":4}},"loc":{"start":{"line":47,"column":44},"end":{"line":51,"column":4}},"line":47},"5":{"name":"triggerListeners","decl":{"start":{"line":53,"column":2},"end":{"line":60,"column":3}},"loc":{"start":{"line":53,"column":2},"end":{"line":60,"column":3}},"line":53}},"f":{"0":5,"1":3,"2":2,"3":1,"4":1,"5":20}}
,"/Users/aidanhibbard/Documents/GitHub/olallie/src/utils/create_proxy.ts": {"path":"/Users/aidanhibbard/Documents/GitHub/olallie/src/utils/create_proxy.ts","all":false,"statementMap":{"0":{"start":{"line":1,"column":0},"end":{"line":1,"column":59}},"1":{"start":{"line":2,"column":0},"end":{"line":2,"column":12}},"2":{"start":{"line":3,"column":0},"end":{"line":3,"column":51}},"3":{"start":{"line":4,"column":0},"end":{"line":4,"column":6}},"4":{"start":{"line":5,"column":0},"end":{"line":5,"column":31}},"5":{"start":{"line":6,"column":0},"end":{"line":6,"column":27}},"6":{"start":{"line":7,"column":0},"end":{"line":7,"column":35}},"7":{"start":{"line":8,"column":0},"end":{"line":8,"column":36}},"8":{"start":{"line":9,"column":0},"end":{"line":9,"column":18}},"9":{"start":{"line":10,"column":0},"end":{"line":10,"column":6}},"10":{"start":{"line":11,"column":0},"end":{"line":11,"column":5}},"11":{"start":{"line":12,"column":0},"end":{"line":12,"column":1}}},"s":{"0":1,"1":5,"2":5,"3":5,"4":5,"5":5,"6":20,"7":20,"8":20,"9":20,"10":5,"11":5},"branchMap":{"0":{"type":"branch","line":1,"loc":{"start":{"line":1,"column":7},"end":{"line":12,"column":1}},"locations":[{"start":{"line":1,"column":7},"end":{"line":12,"column":1}}]},"1":{"type":"branch","line":6,"loc":{"start":{"line":6,"column":4},"end":{"line":10,"column":6}},"locations":[{"start":{"line":6,"column":4},"end":{"line":10,"column":6}}]}},"b":{"0":[5],"1":[20]},"fnMap":{"0":{"name":"createProxy","decl":{"start":{"line":1,"column":7},"end":{"line":12,"column":1}},"loc":{"start":{"line":1,"column":7},"end":{"line":12,"column":1}},"line":1},"1":{"name":"set","decl":{"start":{"line":6,"column":4},"end":{"line":10,"column":6}},"loc":{"start":{"line":6,"column":4},"end":{"line":10,"column":6}},"line":6}},"f":{"0":5,"1":20}}
}
